<?xml version="1.0" encoding="UTF-8"?>
<!-- Generated by org.testng.reporters.JUnitReportReporter -->
<testsuite skipped="0" hostname="Lenovo" name="org.flight.Testng" tests="2" failures="0" timestamp="13 Sep 2021 04:47:22 GMT" time="0.032" errors="0">
  <testcase name="tc0" time="0.032" classname="org.flight.Testng"/>
  <testcase name="tc1" time="0.000" classname="org.flight.Testng"/>
</testsuite> <!-- org.flight.Testng -->
